2017-11-02 11:34:10,541 - Parser Exception: velocity.vm
org.apache.velocity.runtime.parser.ParseException: Encountered "<EOF>" at line 5, column 20.
Was expecting one of:
    "(" ...
    <RPAREN> ...
    <ESCAPE_DIRECTIVE> ...
    <SET_DIRECTIVE> ...
    "##" ...
    "\\\\" ...
    "\\" ...
    <TEXT> ...
    "*#" ...
    "*#" ...
    "]]#" ...
    <STRING_LITERAL> ...
    <END> ...
    <IF_DIRECTIVE> ...
    <INTEGER_LITERAL> ...
    <FLOATING_POINT_LITERAL> ...
    <WORD> ...
    <BRACKETED_WORD> ...
    <IDENTIFIER> ...
    <DOT> ...
    "{" ...
    "}" ...
    <EMPTY_INDEX> ...
    
	at org.apache.velocity.runtime.parser.Parser.generateParseException(Parser.java:3679)
	at org.apache.velocity.runtime.parser.Parser.jj_consume_token(Parser.java:3558)
	at org.apache.velocity.runtime.parser.Parser.Directive(Parser.java:939)
	at org.apache.velocity.runtime.parser.Parser.Statement(Parser.java:379)
	at org.apache.velocity.runtime.parser.Parser.process(Parser.java:317)
	at org.apache.velocity.runtime.parser.Parser.parse(Parser.java:117)
	at org.apache.velocity.runtime.RuntimeInstance.parse(RuntimeInstance.java:1226)
	at org.apache.velocity.runtime.RuntimeInstance.parse(RuntimeInstance.java:1181)
	at org.apache.velocity.Template.process(Template.java:134)
	at org.apache.velocity.runtime.resource.ResourceManagerImpl.loadResource(ResourceManagerImpl.java:437)
	at org.apache.velocity.runtime.resource.ResourceManagerImpl.getResource(ResourceManagerImpl.java:352)
	at org.apache.velocity.runtime.RuntimeInstance.getTemplate(RuntimeInstance.java:1533)
	at org.apache.velocity.runtime.RuntimeSingleton.getTemplate(RuntimeSingleton.java:317)
	at org.apache.velocity.app.Velocity.getTemplate(Velocity.java:378)
	at com.laz.demo.velocity.VelocitySimple.createTemplate(VelocitySimple.java:45)
	at com.laz.demo.velocity.Var.simpleVelocity1(Var.java:19)
	at com.laz.demo.velocity.Var.main(Var.java:11)
2017-11-02 11:34:10,579 - ResourceManager.getResource() parse exception
org.apache.velocity.exception.ParseErrorException: Encountered "<EOF>" at velocity.vm[line 5, column 20]
Was expecting one of:
    "(" ...
    <RPAREN> ...
    <ESCAPE_DIRECTIVE> ...
    <SET_DIRECTIVE> ...
    "##" ...
    "\\\\" ...
    "\\" ...
    <TEXT> ...
    "*#" ...
    "*#" ...
    "]]#" ...
    <STRING_LITERAL> ...
    <END> ...
    <IF_DIRECTIVE> ...
    <INTEGER_LITERAL> ...
    <FLOATING_POINT_LITERAL> ...
    <WORD> ...
    <BRACKETED_WORD> ...
    <IDENTIFIER> ...
    <DOT> ...
    "{" ...
    "}" ...
    <EMPTY_INDEX> ...
    
	at org.apache.velocity.Template.process(Template.java:151)
	at org.apache.velocity.runtime.resource.ResourceManagerImpl.loadResource(ResourceManagerImpl.java:437)
	at org.apache.velocity.runtime.resource.ResourceManagerImpl.getResource(ResourceManagerImpl.java:352)
	at org.apache.velocity.runtime.RuntimeInstance.getTemplate(RuntimeInstance.java:1533)
	at org.apache.velocity.runtime.RuntimeSingleton.getTemplate(RuntimeSingleton.java:317)
	at org.apache.velocity.app.Velocity.getTemplate(Velocity.java:378)
	at com.laz.demo.velocity.VelocitySimple.createTemplate(VelocitySimple.java:45)
	at com.laz.demo.velocity.Var.simpleVelocity1(Var.java:19)
	at com.laz.demo.velocity.Var.main(Var.java:11)
2017-11-02 11:34:31,865 - Parser Exception: velocity.vm
org.apache.velocity.runtime.parser.ParseException: Encountered "<EOF>" at line 5, column 20.
Was expecting one of:
    "(" ...
    <RPAREN> ...
    <ESCAPE_DIRECTIVE> ...
    <SET_DIRECTIVE> ...
    "##" ...
    "\\\\" ...
    "\\" ...
    <TEXT> ...
    "*#" ...
    "*#" ...
    "]]#" ...
    <STRING_LITERAL> ...
    <END> ...
    <IF_DIRECTIVE> ...
    <INTEGER_LITERAL> ...
    <FLOATING_POINT_LITERAL> ...
    <WORD> ...
    <BRACKETED_WORD> ...
    <IDENTIFIER> ...
    <DOT> ...
    "{" ...
    "}" ...
    <EMPTY_INDEX> ...
    
	at org.apache.velocity.runtime.parser.Parser.generateParseException(Parser.java:3679)
	at org.apache.velocity.runtime.parser.Parser.jj_consume_token(Parser.java:3558)
	at org.apache.velocity.runtime.parser.Parser.Directive(Parser.java:939)
	at org.apache.velocity.runtime.parser.Parser.Statement(Parser.java:379)
	at org.apache.velocity.runtime.parser.Parser.process(Parser.java:317)
	at org.apache.velocity.runtime.parser.Parser.parse(Parser.java:117)
	at org.apache.velocity.runtime.RuntimeInstance.parse(RuntimeInstance.java:1226)
	at org.apache.velocity.runtime.RuntimeInstance.parse(RuntimeInstance.java:1181)
	at org.apache.velocity.Template.process(Template.java:134)
	at org.apache.velocity.runtime.resource.ResourceManagerImpl.loadResource(ResourceManagerImpl.java:437)
	at org.apache.velocity.runtime.resource.ResourceManagerImpl.getResource(ResourceManagerImpl.java:352)
	at org.apache.velocity.runtime.RuntimeInstance.getTemplate(RuntimeInstance.java:1533)
	at org.apache.velocity.runtime.RuntimeSingleton.getTemplate(RuntimeSingleton.java:317)
	at org.apache.velocity.app.Velocity.getTemplate(Velocity.java:378)
	at com.laz.demo.velocity.VelocitySimple.createTemplate(VelocitySimple.java:45)
	at com.laz.demo.velocity.Var.simpleVelocity1(Var.java:19)
	at com.laz.demo.velocity.Var.main(Var.java:11)
2017-11-02 11:34:31,869 - ResourceManager.getResource() parse exception
org.apache.velocity.exception.ParseErrorException: Encountered "<EOF>" at velocity.vm[line 5, column 20]
Was expecting one of:
    "(" ...
    <RPAREN> ...
    <ESCAPE_DIRECTIVE> ...
    <SET_DIRECTIVE> ...
    "##" ...
    "\\\\" ...
    "\\" ...
    <TEXT> ...
    "*#" ...
    "*#" ...
    "]]#" ...
    <STRING_LITERAL> ...
    <END> ...
    <IF_DIRECTIVE> ...
    <INTEGER_LITERAL> ...
    <FLOATING_POINT_LITERAL> ...
    <WORD> ...
    <BRACKETED_WORD> ...
    <IDENTIFIER> ...
    <DOT> ...
    "{" ...
    "}" ...
    <EMPTY_INDEX> ...
    
	at org.apache.velocity.Template.process(Template.java:151)
	at org.apache.velocity.runtime.resource.ResourceManagerImpl.loadResource(ResourceManagerImpl.java:437)
	at org.apache.velocity.runtime.resource.ResourceManagerImpl.getResource(ResourceManagerImpl.java:352)
	at org.apache.velocity.runtime.RuntimeInstance.getTemplate(RuntimeInstance.java:1533)
	at org.apache.velocity.runtime.RuntimeSingleton.getTemplate(RuntimeSingleton.java:317)
	at org.apache.velocity.app.Velocity.getTemplate(Velocity.java:378)
	at com.laz.demo.velocity.VelocitySimple.createTemplate(VelocitySimple.java:45)
	at com.laz.demo.velocity.Var.simpleVelocity1(Var.java:19)
	at com.laz.demo.velocity.Var.main(Var.java:11)
2017-11-02 11:36:24,391 - Parser Exception: velocity.vm
org.apache.velocity.runtime.parser.ParseException: Encountered "#end" at line 7, column 1.
Was expecting one of:
    <EOF> 
    "(" ...
    <RPAREN> ...
    <ESCAPE_DIRECTIVE> ...
    <SET_DIRECTIVE> ...
    "##" ...
    "\\\\" ...
    "\\" ...
    <TEXT> ...
    "*#" ...
    "*#" ...
    "]]#" ...
    <STRING_LITERAL> ...
    <IF_DIRECTIVE> ...
    <INTEGER_LITERAL> ...
    <FLOATING_POINT_LITERAL> ...
    <WORD> ...
    <BRACKETED_WORD> ...
    <IDENTIFIER> ...
    <DOT> ...
    "{" ...
    "}" ...
    <EMPTY_INDEX> ...
    
	at org.apache.velocity.runtime.parser.Parser.generateParseException(Parser.java:3679)
	at org.apache.velocity.runtime.parser.Parser.jj_consume_token(Parser.java:3558)
	at org.apache.velocity.runtime.parser.Parser.process(Parser.java:319)
	at org.apache.velocity.runtime.parser.Parser.parse(Parser.java:117)
	at org.apache.velocity.runtime.RuntimeInstance.parse(RuntimeInstance.java:1226)
	at org.apache.velocity.runtime.RuntimeInstance.parse(RuntimeInstance.java:1181)
	at org.apache.velocity.Template.process(Template.java:134)
	at org.apache.velocity.runtime.resource.ResourceManagerImpl.loadResource(ResourceManagerImpl.java:437)
	at org.apache.velocity.runtime.resource.ResourceManagerImpl.getResource(ResourceManagerImpl.java:352)
	at org.apache.velocity.runtime.RuntimeInstance.getTemplate(RuntimeInstance.java:1533)
	at org.apache.velocity.runtime.RuntimeSingleton.getTemplate(RuntimeSingleton.java:317)
	at org.apache.velocity.app.Velocity.getTemplate(Velocity.java:378)
	at com.laz.demo.velocity.VelocitySimple.createTemplate(VelocitySimple.java:45)
	at com.laz.demo.velocity.Var.simpleVelocity1(Var.java:19)
	at com.laz.demo.velocity.Var.main(Var.java:11)
2017-11-02 11:36:24,396 - ResourceManager.getResource() parse exception
org.apache.velocity.exception.ParseErrorException: Encountered "#end" at velocity.vm[line 7, column 1]
Was expecting one of:
    <EOF> 
    "(" ...
    <RPAREN> ...
    <ESCAPE_DIRECTIVE> ...
    <SET_DIRECTIVE> ...
    "##" ...
    "\\\\" ...
    "\\" ...
    <TEXT> ...
    "*#" ...
    "*#" ...
    "]]#" ...
    <STRING_LITERAL> ...
    <IF_DIRECTIVE> ...
    <INTEGER_LITERAL> ...
    <FLOATING_POINT_LITERAL> ...
    <WORD> ...
    <BRACKETED_WORD> ...
    <IDENTIFIER> ...
    <DOT> ...
    "{" ...
    "}" ...
    <EMPTY_INDEX> ...
    
	at org.apache.velocity.Template.process(Template.java:151)
	at org.apache.velocity.runtime.resource.ResourceManagerImpl.loadResource(ResourceManagerImpl.java:437)
	at org.apache.velocity.runtime.resource.ResourceManagerImpl.getResource(ResourceManagerImpl.java:352)
	at org.apache.velocity.runtime.RuntimeInstance.getTemplate(RuntimeInstance.java:1533)
	at org.apache.velocity.runtime.RuntimeSingleton.getTemplate(RuntimeSingleton.java:317)
	at org.apache.velocity.app.Velocity.getTemplate(Velocity.java:378)
	at com.laz.demo.velocity.VelocitySimple.createTemplate(VelocitySimple.java:45)
	at com.laz.demo.velocity.Var.simpleVelocity1(Var.java:19)
	at com.laz.demo.velocity.Var.main(Var.java:11)
2017-11-02 11:39:12,512 - reference set is not a valid reference at velocity.vm[line 8, column 7]
2017-11-02 11:39:25,343 - reference set is not a valid reference at velocity.vm[line 8, column 7]
2017-11-02 11:39:38,217 - reference set is not a valid reference at velocity.vm[line 8, column 7]
